2020-08-17 08:20:35+0800: GTP Engine starting...
2020-08-17 08:20:35+0800: KataGo v1.3.3
2020-08-17 08:20:35+0800: Using 20 CPU thread(s) for search
2020-08-17 08:20:35+0800: nnRandSeed0 = 4080996772578945749
2020-08-17 08:20:35+0800: After dedups: nnModelFile0 = /Users/wangjinggang/gochess/katago/model.bin.gz useFP16 auto useNHWC auto
2020-08-17 08:20:38+0800: Found OpenCL Platform 0: Apple (Apple) (OpenCL 1.2 (May  3 2020 20:15:19))
2020-08-17 08:20:38+0800: Found 2 device(s) on platform 0 with type CPU or GPU or Accelerator
2020-08-17 08:20:38+0800: Found OpenCL Device 0: Intel(R) Core(TM) i7-5557U CPU @ 3.10GHz (Intel) (score 102)
2020-08-17 08:20:38+0800: Found OpenCL Device 1: Intel(R) Iris(TM) Graphics 6100 (Intel Inc.) (score 6000102)
2020-08-17 08:20:38+0800: Using OpenCL Device 1: Intel(R) Iris(TM) Graphics 6100 (Intel Inc.) OpenCL 1.2 
2020-08-17 08:20:38+0800: Loaded tuning parameters from: /Users/wangjinggang/.katago/opencltuning/tune6_gpuIntelRIrisTMGraphics6100_x19_y19_c256_mv8.txt
2020-08-17 08:20:41+0800: OpenCL backend: Model version 8
2020-08-17 08:20:41+0800: OpenCL backend: Model name: g170-b40c256x2-s1349368064-d524332537
2020-08-17 08:20:41+0800: Loaded neural net with nnXLen 19 nnYLen 19
2020-08-17 08:20:41+0800: Loaded model /Users/wangjinggang/gochess/katago/model.bin.gz
2020-08-17 08:20:41+0800: Model name: g170-b40c256x2-s1349368064-d524332537
2020-08-17 08:20:41+0800: GTP ready, beginning main protocol loop
2020-08-17 08:20:51+0800: Controller: boardsize 19
2020-08-17 08:20:51+0800: = 
2020-08-17 08:20:58+0800: Controller: kata-analyze B 50
2020-08-17 08:20:58+0800: = 
2020-08-17 08:35:43+0800: GTP Engine starting...
2020-08-17 08:35:43+0800: KataGo v1.3.3
2020-08-17 08:35:43+0800: Using 20 CPU thread(s) for search
2020-08-17 08:35:43+0800: nnRandSeed0 = 18003772246862077996
2020-08-17 08:35:43+0800: After dedups: nnModelFile0 = /Users/wangjinggang/gochess/katago/model.bin.gz useFP16 auto useNHWC auto
2020-08-17 08:35:45+0800: Found OpenCL Platform 0: Apple (Apple) (OpenCL 1.2 (May  3 2020 20:15:19))
2020-08-17 08:35:45+0800: Found 2 device(s) on platform 0 with type CPU or GPU or Accelerator
2020-08-17 08:35:45+0800: Found OpenCL Device 0: Intel(R) Core(TM) i7-5557U CPU @ 3.10GHz (Intel) (score 102)
2020-08-17 08:35:45+0800: Found OpenCL Device 1: Intel(R) Iris(TM) Graphics 6100 (Intel Inc.) (score 6000102)
2020-08-17 08:35:45+0800: Using OpenCL Device 1: Intel(R) Iris(TM) Graphics 6100 (Intel Inc.) OpenCL 1.2 
2020-08-17 08:35:45+0800: Loaded tuning parameters from: /Users/wangjinggang/.katago/opencltuning/tune6_gpuIntelRIrisTMGraphics6100_x19_y19_c256_mv8.txt
2020-08-17 08:35:48+0800: OpenCL backend: Model version 8
2020-08-17 08:35:48+0800: OpenCL backend: Model name: g170-b40c256x2-s1349368064-d524332537
2020-08-17 08:35:48+0800: Loaded neural net with nnXLen 19 nnYLen 19
2020-08-17 08:35:48+0800: Loaded model /Users/wangjinggang/gochess/katago/model.bin.gz
2020-08-17 08:35:48+0800: Model name: g170-b40c256x2-s1349368064-d524332537
2020-08-17 08:35:48+0800: GTP ready, beginning main protocol loop
2020-08-17 08:36:23+0800: Controller: boardsize 19
2020-08-17 08:36:23+0800: = 
2020-08-17 08:36:32+0800: Controller: kata-genmove_analyze B 50
2020-08-17 08:37:11+0800: MoveNum: 0 HASH: 7BF12F3F24903F0C225CD6C55BA8BA1F
   A B C D E F G H J K L M N O P Q R S T
19 . . . . . . . . . . . . . . . . . . .
18 . . . . . . . . . . . . . . . . . . .
17 . . . . . . . . . . . . . . . . . . .
16 . . . . . . . . . . . . . . . . . . .
15 . . . . . . . . . . . . . . . . . . .
14 . . . . . . . . . . . . . . . . . . .
13 . . . . . . . . . . . . . . . . . . .
12 . . . . . . . . . . . . . . . . . . .
11 . . . . . . . . . . . . . . . . . . .
10 . . . . . . . . . . . . . . . . . . .
 9 . . . . . . . . . . . . . . . . . . .
 8 . . . . . . . . . . . . . . . . . . .
 7 . . . . . . . . . . . . . . . . . . .
 6 . . . . . . . . . . . . . . . . . . .
 5 . . . . . . . . . . . . . . . . . . .
 4 . . @ . . . . . . . . . . . . . . . .
 3 . . . . . . . . . . . . . . . . . . .
 2 . . . . . . . . . . . . . . . . . . .
 1 . . . . . . . . . . . . . . . . . . .

koPOSITIONALscoreAREAtaxNONEsui1komi7.5
Time taken: 39.0256
Root visits: 519
NN rows: 409
NN batches: 41
NN avg batch size: 9.97561
PV: Q17 D4 Q4 D17 C15
Tree:
: T -15.95c W -15.61c S  -0.34c ( -1.3 L  -1.0) N     519  --  Q17 D4 Q4 D17 C15
---Black(^)---
Q17 : T -15.14c W -14.90c S  -0.25c ( -1.2 L  -0.9) LCB  -17.25c P  7.93% WF  5.12% PSV      75 N      38  --  Q17 D4 Q4 D17 C15
Q4  : T -16.36c W -15.97c S  -0.39c ( -1.3 L  -1.0) LCB  -18.06c P  5.66% WF  4.98% PSV      41 N      41  --  Q4 Q16 C4 C16 E17
D16 : T -16.09c W -15.73c S  -0.36c ( -1.3 L  -0.9) LCB  -17.75c P  5.80% WF  5.01% PSV      39 N      39  --  D16 Q16 D3 Q3 R5
C16 : T -15.74c W -15.43c S  -0.30c ( -1.2 L  -1.0) LCB  -17.86c P  8.40% WF  5.05% PSV      38 N      38  --  C16 Q16 D4 Q3 R5 E16
D4  : T -15.98c W -15.63c S  -0.35c ( -1.3 L  -0.9) LCB  -17.61c P  5.22% WF  5.02% PSV      38 N      38  --  D4 Q4 D17 Q17 R15
C4  : T -15.38c W -15.12c S  -0.26c ( -1.2 L  -0.9) LCB  -17.45c P  8.16% WF  5.09% PSV      37 N      37  --  C4 Q4 D16 Q17 R15 E4
D3  : T -15.37c W -15.11c S  -0.27c ( -1.2 L  -0.9) LCB  -17.59c P  8.50% WF  5.09% PSV      36 N      36  --  D3 Q4 D16 Q17 R15 P16 O3
Q3  : T -15.42c W -15.16c S  -0.26c ( -1.2 L  -0.9) LCB  -17.82c P  8.13% WF  5.08% PSV      36 N      36  --  Q3 D4 Q16 D17 C15 E16
R4  : T -15.77c W -15.46c S  -0.31c ( -1.3 L  -1.0) LCB  -18.08c P  7.53% WF  5.04% PSV      32 N      32  --  R4 D4 Q16 D17 C15 P4
Q16 : T -16.09c W -15.71c S  -0.37c ( -1.3 L  -0.9) LCB  -18.22c P  5.85% WF  5.01% PSV      32 N      32  --  Q16 D4 R4 D17 C15

2020-08-17 08:37:11+0800: = play C4
2020-08-17 08:37:19+0800: All cleaned up, quitting
2020-08-17 08:41:20+0800: GTP Engine starting...
2020-08-17 08:41:20+0800: KataGo v1.3.3
2020-08-17 08:41:20+0800: Using 20 CPU thread(s) for search
2020-08-17 08:41:20+0800: nnRandSeed0 = 1427915233445866795
2020-08-17 08:41:20+0800: After dedups: nnModelFile0 = /Users/wangjinggang/gochess/katago/model.bin.gz useFP16 auto useNHWC auto
2020-08-17 08:41:22+0800: Found OpenCL Platform 0: Apple (Apple) (OpenCL 1.2 (May  3 2020 20:15:19))
2020-08-17 08:41:22+0800: Found 2 device(s) on platform 0 with type CPU or GPU or Accelerator
2020-08-17 08:41:22+0800: Found OpenCL Device 0: Intel(R) Core(TM) i7-5557U CPU @ 3.10GHz (Intel) (score 102)
2020-08-17 08:41:22+0800: Found OpenCL Device 1: Intel(R) Iris(TM) Graphics 6100 (Intel Inc.) (score 6000102)
2020-08-17 08:41:22+0800: Using OpenCL Device 1: Intel(R) Iris(TM) Graphics 6100 (Intel Inc.) OpenCL 1.2 
2020-08-17 08:41:22+0800: Loaded tuning parameters from: /Users/wangjinggang/.katago/opencltuning/tune6_gpuIntelRIrisTMGraphics6100_x19_y19_c256_mv8.txt
2020-08-17 08:41:26+0800: OpenCL backend: Model version 8
2020-08-17 08:41:26+0800: OpenCL backend: Model name: g170-b40c256x2-s1349368064-d524332537
2020-08-17 08:41:26+0800: Loaded neural net with nnXLen 19 nnYLen 19
2020-08-17 08:41:26+0800: Loaded model /Users/wangjinggang/gochess/katago/model.bin.gz
2020-08-17 08:41:26+0800: Model name: g170-b40c256x2-s1349368064-d524332537
2020-08-17 08:41:26+0800: GTP ready, beginning main protocol loop
2020-08-17 08:41:35+0800: Controller: boardsize 19
2020-08-17 08:41:35+0800: = 
2020-08-17 08:41:42+0800: Controller: kata-analyze B 50
2020-08-17 08:41:42+0800: = 
2020-08-17 08:42:15+0800: All cleaned up, quitting
2020-08-17 08:44:10+0800: GTP Engine starting...
2020-08-17 08:44:10+0800: KataGo v1.3.3
2020-08-17 08:44:10+0800: Using 20 CPU thread(s) for search
2020-08-17 08:44:10+0800: nnRandSeed0 = 17400787565486638702
2020-08-17 08:44:10+0800: After dedups: nnModelFile0 = /Users/wangjinggang/gochess/katago/model.bin.gz useFP16 auto useNHWC auto
2020-08-17 08:44:12+0800: Found OpenCL Platform 0: Apple (Apple) (OpenCL 1.2 (May  3 2020 20:15:19))
2020-08-17 08:44:12+0800: Found 2 device(s) on platform 0 with type CPU or GPU or Accelerator
2020-08-17 08:44:12+0800: Found OpenCL Device 0: Intel(R) Core(TM) i7-5557U CPU @ 3.10GHz (Intel) (score 102)
2020-08-17 08:44:12+0800: Found OpenCL Device 1: Intel(R) Iris(TM) Graphics 6100 (Intel Inc.) (score 6000102)
2020-08-17 08:44:12+0800: Using OpenCL Device 1: Intel(R) Iris(TM) Graphics 6100 (Intel Inc.) OpenCL 1.2 
2020-08-17 08:44:12+0800: Loaded tuning parameters from: /Users/wangjinggang/.katago/opencltuning/tune6_gpuIntelRIrisTMGraphics6100_x19_y19_c256_mv8.txt
2020-08-17 08:44:15+0800: OpenCL backend: Model version 8
2020-08-17 08:44:15+0800: OpenCL backend: Model name: g170-b40c256x2-s1349368064-d524332537
2020-08-17 08:44:15+0800: Loaded neural net with nnXLen 19 nnYLen 19
2020-08-17 08:44:15+0800: Loaded model /Users/wangjinggang/gochess/katago/model.bin.gz
2020-08-17 08:44:15+0800: Model name: g170-b40c256x2-s1349368064-d524332537
2020-08-17 08:44:15+0800: GTP ready, beginning main protocol loop
2020-08-17 08:44:22+0800: All cleaned up, quitting
2020-08-17 08:56:01+0800: GTP Engine starting...
2020-08-17 08:56:01+0800: KataGo v1.3.3
2020-08-17 08:56:01+0800: Using 20 CPU thread(s) for search
2020-08-17 08:56:01+0800: nnRandSeed0 = 17713516097876490282
2020-08-17 08:56:01+0800: After dedups: nnModelFile0 = /Users/wangjinggang/gochess/katago/model.bin.gz useFP16 auto useNHWC auto
2020-08-17 08:56:03+0800: Found OpenCL Platform 0: Apple (Apple) (OpenCL 1.2 (May  3 2020 20:15:19))
2020-08-17 08:56:03+0800: Found 2 device(s) on platform 0 with type CPU or GPU or Accelerator
2020-08-17 08:56:03+0800: Found OpenCL Device 0: Intel(R) Core(TM) i7-5557U CPU @ 3.10GHz (Intel) (score 102)
2020-08-17 08:56:03+0800: Found OpenCL Device 1: Intel(R) Iris(TM) Graphics 6100 (Intel Inc.) (score 6000102)
2020-08-17 08:56:03+0800: Using OpenCL Device 1: Intel(R) Iris(TM) Graphics 6100 (Intel Inc.) OpenCL 1.2 
2020-08-17 08:56:03+0800: Loaded tuning parameters from: /Users/wangjinggang/.katago/opencltuning/tune6_gpuIntelRIrisTMGraphics6100_x19_y19_c256_mv8.txt
2020-08-17 08:56:06+0800: OpenCL backend: Model version 8
2020-08-17 08:56:06+0800: OpenCL backend: Model name: g170-b40c256x2-s1349368064-d524332537
2020-08-17 08:56:06+0800: Loaded neural net with nnXLen 19 nnYLen 19
2020-08-17 08:56:06+0800: Loaded model /Users/wangjinggang/gochess/katago/model.bin.gz
2020-08-17 08:56:06+0800: Model name: g170-b40c256x2-s1349368064-d524332537
2020-08-17 08:56:06+0800: GTP ready, beginning main protocol loop
2020-08-17 08:56:09+0800: All cleaned up, quitting
2020-08-17 08:59:53+0800: GTP Engine starting...
2020-08-17 08:59:53+0800: KataGo v1.3.3
2020-08-17 08:59:53+0800: Using 20 CPU thread(s) for search
2020-08-17 08:59:53+0800: nnRandSeed0 = 16562474617630312861
2020-08-17 08:59:53+0800: After dedups: nnModelFile0 = 40b useFP16 auto useNHWC auto
2020-08-17 09:01:09+0800: GTP Engine starting...
2020-08-17 09:01:09+0800: KataGo v1.3.3
2020-08-17 09:01:09+0800: Using 20 CPU thread(s) for search
2020-08-17 09:01:09+0800: nnRandSeed0 = 5234109826145612950
2020-08-17 09:01:09+0800: After dedups: nnModelFile0 = 20b useFP16 auto useNHWC auto
2020-08-17 09:01:41+0800: GTP Engine starting...
2020-08-17 09:01:41+0800: KataGo v1.3.3
2020-08-17 09:01:41+0800: Using 20 CPU thread(s) for search
2020-08-17 09:01:41+0800: nnRandSeed0 = 7048503311645206452
2020-08-17 09:01:41+0800: After dedups: nnModelFile0 = /Users/wangjinggang/gochess/katago/model.bin.gz useFP16 auto useNHWC auto
2020-08-17 09:01:43+0800: Found OpenCL Platform 0: Apple (Apple) (OpenCL 1.2 (May  3 2020 20:15:19))
2020-08-17 09:01:43+0800: Found 2 device(s) on platform 0 with type CPU or GPU or Accelerator
2020-08-17 09:01:43+0800: Found OpenCL Device 0: Intel(R) Core(TM) i7-5557U CPU @ 3.10GHz (Intel) (score 102)
2020-08-17 09:01:43+0800: Found OpenCL Device 1: Intel(R) Iris(TM) Graphics 6100 (Intel Inc.) (score 6000102)
2020-08-17 09:01:43+0800: Using OpenCL Device 1: Intel(R) Iris(TM) Graphics 6100 (Intel Inc.) OpenCL 1.2 
2020-08-17 09:01:43+0800: Loaded tuning parameters from: /Users/wangjinggang/.katago/opencltuning/tune6_gpuIntelRIrisTMGraphics6100_x19_y19_c256_mv8.txt
2020-08-17 09:01:47+0800: OpenCL backend: Model version 8
2020-08-17 09:01:47+0800: OpenCL backend: Model name: g170-b40c256x2-s1349368064-d524332537
2020-08-17 09:01:47+0800: Loaded neural net with nnXLen 19 nnYLen 19
2020-08-17 09:01:47+0800: Loaded model /Users/wangjinggang/gochess/katago/model.bin.gz
2020-08-17 09:01:47+0800: Model name: g170-b40c256x2-s1349368064-d524332537
2020-08-17 09:01:47+0800: GTP ready, beginning main protocol loop
2020-08-17 09:02:08+0800: All cleaned up, quitting
2020-08-17 09:02:16+0800: GTP Engine starting...
2020-08-17 09:02:16+0800: KataGo v1.3.3
2020-08-17 09:02:16+0800: Using 20 CPU thread(s) for search
2020-08-17 09:02:16+0800: nnRandSeed0 = 9063493672526929452
2020-08-17 09:02:16+0800: After dedups: nnModelFile0 = /Users/wangjinggang/gochess/katago/model.bin.gz useFP16 auto useNHWC auto
2020-08-17 09:02:18+0800: Found OpenCL Platform 0: Apple (Apple) (OpenCL 1.2 (May  3 2020 20:15:19))
2020-08-17 09:02:18+0800: Found 2 device(s) on platform 0 with type CPU or GPU or Accelerator
2020-08-17 09:02:18+0800: Found OpenCL Device 0: Intel(R) Core(TM) i7-5557U CPU @ 3.10GHz (Intel) (score 102)
2020-08-17 09:02:18+0800: Found OpenCL Device 1: Intel(R) Iris(TM) Graphics 6100 (Intel Inc.) (score 6000102)
2020-08-17 09:02:18+0800: Using OpenCL Device 1: Intel(R) Iris(TM) Graphics 6100 (Intel Inc.) OpenCL 1.2 
2020-08-17 09:02:18+0800: Loaded tuning parameters from: /Users/wangjinggang/.katago/opencltuning/tune6_gpuIntelRIrisTMGraphics6100_x19_y19_c256_mv8.txt
2020-08-17 09:02:21+0800: OpenCL backend: Model version 8
2020-08-17 09:02:21+0800: OpenCL backend: Model name: g170-b40c256x2-s1349368064-d524332537
2020-08-17 09:02:21+0800: Loaded neural net with nnXLen 19 nnYLen 19
2020-08-17 09:02:21+0800: Loaded model /Users/wangjinggang/gochess/katago/model.bin.gz
2020-08-17 09:02:21+0800: Model name: g170-b40c256x2-s1349368064-d524332537
2020-08-17 09:02:21+0800: GTP ready, beginning main protocol loop
2020-08-17 09:02:27+0800: Controller: boardsize 19
2020-08-17 09:02:27+0800: = 
2020-08-17 09:03:03+0800: All cleaned up, quitting
2020-08-17 09:03:06+0800: GTP Engine starting...
2020-08-17 09:03:06+0800: KataGo v1.3.3
2020-08-17 09:03:06+0800: Using 20 CPU thread(s) for search
2020-08-17 09:03:06+0800: nnRandSeed0 = 16507053928843155106
2020-08-17 09:03:06+0800: After dedups: nnModelFile0 = /Users/wangjinggang/gochess/katago/model.bin.gz useFP16 auto useNHWC auto
2020-08-17 09:03:08+0800: Found OpenCL Platform 0: Apple (Apple) (OpenCL 1.2 (May  3 2020 20:15:19))
2020-08-17 09:03:08+0800: Found 2 device(s) on platform 0 with type CPU or GPU or Accelerator
2020-08-17 09:03:08+0800: Found OpenCL Device 0: Intel(R) Core(TM) i7-5557U CPU @ 3.10GHz (Intel) (score 102)
2020-08-17 09:03:08+0800: Found OpenCL Device 1: Intel(R) Iris(TM) Graphics 6100 (Intel Inc.) (score 6000102)
2020-08-17 09:03:08+0800: Using OpenCL Device 1: Intel(R) Iris(TM) Graphics 6100 (Intel Inc.) OpenCL 1.2 
2020-08-17 09:03:08+0800: Loaded tuning parameters from: /Users/wangjinggang/.katago/opencltuning/tune6_gpuIntelRIrisTMGraphics6100_x19_y19_c256_mv8.txt
2020-08-17 09:03:11+0800: OpenCL backend: Model version 8
2020-08-17 09:03:11+0800: OpenCL backend: Model name: g170-b40c256x2-s1349368064-d524332537
2020-08-17 09:03:11+0800: Loaded neural net with nnXLen 19 nnYLen 19
2020-08-17 09:03:11+0800: Loaded model /Users/wangjinggang/gochess/katago/model.bin.gz
2020-08-17 09:03:11+0800: Model name: g170-b40c256x2-s1349368064-d524332537
2020-08-17 09:03:11+0800: GTP ready, beginning main protocol loop
2020-08-17 09:03:18+0800: Controller: kata-analyze B 50
2020-08-17 09:03:18+0800: = 
2020-08-17 09:03:53+0800: All cleaned up, quitting
2020-08-18 05:14:34+0800: GTP Engine starting...
2020-08-18 05:14:34+0800: KataGo v1.3.3
2020-08-18 05:14:34+0800: Using 20 CPU thread(s) for search
2020-08-18 05:14:34+0800: nnRandSeed0 = 12380974495185456717
2020-08-18 05:14:34+0800: After dedups: nnModelFile0 = /Users/wangjinggang/gochess/katago/model.bin.gz useFP16 auto useNHWC auto
2020-08-18 05:14:35+0800: Found OpenCL Platform 0: Apple (Apple) (OpenCL 1.2 (May  3 2020 20:15:19))
2020-08-18 05:14:35+0800: Found 2 device(s) on platform 0 with type CPU or GPU or Accelerator
2020-08-18 05:14:35+0800: Found OpenCL Device 0: Intel(R) Core(TM) i7-5557U CPU @ 3.10GHz (Intel) (score 102)
2020-08-18 05:14:35+0800: Found OpenCL Device 1: Intel(R) Iris(TM) Graphics 6100 (Intel Inc.) (score 6000102)
2020-08-18 05:14:35+0800: Using OpenCL Device 1: Intel(R) Iris(TM) Graphics 6100 (Intel Inc.) OpenCL 1.2 
2020-08-18 05:14:35+0800: Loaded tuning parameters from: /Users/wangjinggang/.katago/opencltuning/tune6_gpuIntelRIrisTMGraphics6100_x19_y19_c256_mv8.txt
2020-08-18 05:14:39+0800: OpenCL backend: Model version 8
2020-08-18 05:14:39+0800: OpenCL backend: Model name: g170-b40c256x2-s1349368064-d524332537
2020-08-18 05:14:39+0800: Loaded neural net with nnXLen 19 nnYLen 19
2020-08-18 05:14:39+0800: Loaded model /Users/wangjinggang/gochess/katago/model.bin.gz
2020-08-18 05:14:39+0800: Model name: g170-b40c256x2-s1349368064-d524332537
2020-08-18 05:14:39+0800: GTP ready, beginning main protocol loop
2020-08-18 05:14:45+0800: Controller: boardsize 19
2020-08-18 05:14:45+0800: = 
2020-08-18 05:15:00+0800: All cleaned up, quitting
2020-08-18 05:16:27+0800: GTP Engine starting...
2020-08-18 05:16:27+0800: KataGo v1.3.3
2020-08-18 05:16:27+0800: Using 20 CPU thread(s) for search
2020-08-18 05:16:27+0800: nnRandSeed0 = 7176754770675992938
2020-08-18 05:16:27+0800: After dedups: nnModelFile0 = /Users/wangjinggang/gochess/katago/model.bin.gz useFP16 auto useNHWC auto
2020-08-18 05:16:28+0800: Found OpenCL Platform 0: Apple (Apple) (OpenCL 1.2 (May  3 2020 20:15:19))
2020-08-18 05:16:28+0800: Found 2 device(s) on platform 0 with type CPU or GPU or Accelerator
2020-08-18 05:16:28+0800: Found OpenCL Device 0: Intel(R) Core(TM) i7-5557U CPU @ 3.10GHz (Intel) (score 102)
2020-08-18 05:16:28+0800: Found OpenCL Device 1: Intel(R) Iris(TM) Graphics 6100 (Intel Inc.) (score 6000102)
2020-08-18 05:16:28+0800: Using OpenCL Device 1: Intel(R) Iris(TM) Graphics 6100 (Intel Inc.) OpenCL 1.2 
2020-08-18 05:16:28+0800: Loaded tuning parameters from: /Users/wangjinggang/.katago/opencltuning/tune6_gpuIntelRIrisTMGraphics6100_x19_y19_c256_mv8.txt
2020-08-18 05:16:31+0800: OpenCL backend: Model version 8
2020-08-18 05:16:31+0800: OpenCL backend: Model name: g170-b40c256x2-s1349368064-d524332537
2020-08-18 05:16:31+0800: Loaded neural net with nnXLen 19 nnYLen 19
2020-08-18 05:16:31+0800: Loaded model /Users/wangjinggang/gochess/katago/model.bin.gz
2020-08-18 05:16:31+0800: Model name: g170-b40c256x2-s1349368064-d524332537
2020-08-18 05:16:31+0800: GTP ready, beginning main protocol loop
2020-08-18 05:16:36+0800: Controller: boardsize 19
2020-08-18 05:16:36+0800: = 
2020-08-18 05:16:51+0800: Controller: boardsize 19
2020-08-18 05:16:51+0800: = 
2020-08-18 05:16:54+0800: All cleaned up, quitting
2020-08-18 05:16:56+0800: GTP Engine starting...
2020-08-18 05:16:56+0800: KataGo v1.3.3
2020-08-18 05:16:56+0800: Using 20 CPU thread(s) for search
2020-08-18 05:16:56+0800: nnRandSeed0 = 5284130798875900533
2020-08-18 05:16:56+0800: After dedups: nnModelFile0 = /Users/wangjinggang/gochess/katago/model.bin.gz useFP16 auto useNHWC auto
2020-08-18 05:16:58+0800: Found OpenCL Platform 0: Apple (Apple) (OpenCL 1.2 (May  3 2020 20:15:19))
2020-08-18 05:16:58+0800: Found 2 device(s) on platform 0 with type CPU or GPU or Accelerator
2020-08-18 05:16:58+0800: Found OpenCL Device 0: Intel(R) Core(TM) i7-5557U CPU @ 3.10GHz (Intel) (score 102)
2020-08-18 05:16:58+0800: Found OpenCL Device 1: Intel(R) Iris(TM) Graphics 6100 (Intel Inc.) (score 6000102)
2020-08-18 05:16:58+0800: Using OpenCL Device 1: Intel(R) Iris(TM) Graphics 6100 (Intel Inc.) OpenCL 1.2 
2020-08-18 05:16:58+0800: Loaded tuning parameters from: /Users/wangjinggang/.katago/opencltuning/tune6_gpuIntelRIrisTMGraphics6100_x19_y19_c256_mv8.txt
2020-08-18 05:17:01+0800: OpenCL backend: Model version 8
2020-08-18 05:17:01+0800: OpenCL backend: Model name: g170-b40c256x2-s1349368064-d524332537
2020-08-18 05:17:01+0800: Loaded neural net with nnXLen 19 nnYLen 19
2020-08-18 05:17:01+0800: Loaded model /Users/wangjinggang/gochess/katago/model.bin.gz
2020-08-18 05:17:01+0800: Model name: g170-b40c256x2-s1349368064-d524332537
2020-08-18 05:17:01+0800: GTP ready, beginning main protocol loop
2020-08-18 05:17:14+0800: Controller: boardsize 19
2020-08-18 05:17:14+0800: = 
2020-08-18 05:17:49+0800: All cleaned up, quitting
2020-08-18 05:17:59+0800: GTP Engine starting...
2020-08-18 05:17:59+0800: KataGo v1.3.3
2020-08-18 05:17:59+0800: Using 20 CPU thread(s) for search
2020-08-18 05:17:59+0800: nnRandSeed0 = 2357826909048374551
2020-08-18 05:17:59+0800: After dedups: nnModelFile0 = /Users/wangjinggang/gochess/katago/model.bin.gz useFP16 auto useNHWC auto
2020-08-18 05:18:01+0800: Found OpenCL Platform 0: Apple (Apple) (OpenCL 1.2 (May  3 2020 20:15:19))
2020-08-18 05:18:01+0800: Found 2 device(s) on platform 0 with type CPU or GPU or Accelerator
2020-08-18 05:18:01+0800: Found OpenCL Device 0: Intel(R) Core(TM) i7-5557U CPU @ 3.10GHz (Intel) (score 102)
2020-08-18 05:18:01+0800: Found OpenCL Device 1: Intel(R) Iris(TM) Graphics 6100 (Intel Inc.) (score 6000102)
2020-08-18 05:18:01+0800: Using OpenCL Device 1: Intel(R) Iris(TM) Graphics 6100 (Intel Inc.) OpenCL 1.2 
2020-08-18 05:18:01+0800: Loaded tuning parameters from: /Users/wangjinggang/.katago/opencltuning/tune6_gpuIntelRIrisTMGraphics6100_x19_y19_c256_mv8.txt
2020-08-18 05:18:04+0800: OpenCL backend: Model version 8
2020-08-18 05:18:04+0800: OpenCL backend: Model name: g170-b40c256x2-s1349368064-d524332537
2020-08-18 05:18:04+0800: Loaded neural net with nnXLen 19 nnYLen 19
2020-08-18 05:18:04+0800: Loaded model /Users/wangjinggang/gochess/katago/model.bin.gz
2020-08-18 05:18:04+0800: Model name: g170-b40c256x2-s1349368064-d524332537
2020-08-18 05:18:04+0800: GTP ready, beginning main protocol loop
2020-08-18 05:19:23+0800: All cleaned up, quitting
2020-08-18 05:19:55+0800: GTP Engine starting...
2020-08-18 05:19:55+0800: KataGo v1.3.3
2020-08-18 05:19:55+0800: Using 20 CPU thread(s) for search
2020-08-18 05:19:55+0800: nnRandSeed0 = 15589015139110793244
2020-08-18 05:19:55+0800: After dedups: nnModelFile0 = /Users/wangjinggang/gochess/katago/model.bin.gz useFP16 auto useNHWC auto
2020-08-18 05:19:57+0800: Found OpenCL Platform 0: Apple (Apple) (OpenCL 1.2 (May  3 2020 20:15:19))
2020-08-18 05:19:57+0800: Found 2 device(s) on platform 0 with type CPU or GPU or Accelerator
2020-08-18 05:19:57+0800: Found OpenCL Device 0: Intel(R) Core(TM) i7-5557U CPU @ 3.10GHz (Intel) (score 102)
2020-08-18 05:19:57+0800: Found OpenCL Device 1: Intel(R) Iris(TM) Graphics 6100 (Intel Inc.) (score 6000102)
2020-08-18 05:19:57+0800: Using OpenCL Device 1: Intel(R) Iris(TM) Graphics 6100 (Intel Inc.) OpenCL 1.2 
2020-08-18 05:19:57+0800: Loaded tuning parameters from: /Users/wangjinggang/.katago/opencltuning/tune6_gpuIntelRIrisTMGraphics6100_x19_y19_c256_mv8.txt
2020-08-18 05:20:00+0800: OpenCL backend: Model version 8
2020-08-18 05:20:00+0800: OpenCL backend: Model name: g170-b40c256x2-s1349368064-d524332537
2020-08-18 05:20:00+0800: Loaded neural net with nnXLen 19 nnYLen 19
2020-08-18 05:20:00+0800: Loaded model /Users/wangjinggang/gochess/katago/model.bin.gz
2020-08-18 05:20:00+0800: Model name: g170-b40c256x2-s1349368064-d524332537
2020-08-18 05:20:00+0800: GTP ready, beginning main protocol loop
2020-08-18 05:20:14+0800: All cleaned up, quitting
2020-08-18 05:20:24+0800: GTP Engine starting...
2020-08-18 05:20:24+0800: KataGo v1.3.3
2020-08-18 05:20:24+0800: Using 20 CPU thread(s) for search
2020-08-18 05:20:24+0800: nnRandSeed0 = 13360124906290745416
2020-08-18 05:20:24+0800: After dedups: nnModelFile0 = /Users/wangjinggang/gochess/katago/model.bin.gz useFP16 auto useNHWC auto
2020-08-18 05:20:26+0800: Found OpenCL Platform 0: Apple (Apple) (OpenCL 1.2 (May  3 2020 20:15:19))
2020-08-18 05:20:26+0800: Found 2 device(s) on platform 0 with type CPU or GPU or Accelerator
2020-08-18 05:20:26+0800: Found OpenCL Device 0: Intel(R) Core(TM) i7-5557U CPU @ 3.10GHz (Intel) (score 102)
2020-08-18 05:20:26+0800: Found OpenCL Device 1: Intel(R) Iris(TM) Graphics 6100 (Intel Inc.) (score 6000102)
2020-08-18 05:20:26+0800: Using OpenCL Device 1: Intel(R) Iris(TM) Graphics 6100 (Intel Inc.) OpenCL 1.2 
2020-08-18 05:20:26+0800: Loaded tuning parameters from: /Users/wangjinggang/.katago/opencltuning/tune6_gpuIntelRIrisTMGraphics6100_x19_y19_c256_mv8.txt
2020-08-18 05:20:29+0800: OpenCL backend: Model version 8
2020-08-18 05:20:29+0800: OpenCL backend: Model name: g170-b40c256x2-s1349368064-d524332537
2020-08-18 05:20:29+0800: Loaded neural net with nnXLen 19 nnYLen 19
2020-08-18 05:20:29+0800: Loaded model /Users/wangjinggang/gochess/katago/model.bin.gz
2020-08-18 05:20:29+0800: Model name: g170-b40c256x2-s1349368064-d524332537
2020-08-18 05:20:29+0800: GTP ready, beginning main protocol loop
2020-08-18 05:20:37+0800: All cleaned up, quitting
2020-08-18 05:20:48+0800: GTP Engine starting...
2020-08-18 05:20:48+0800: KataGo v1.3.3
2020-08-18 05:20:48+0800: Using 20 CPU thread(s) for search
2020-08-18 05:20:48+0800: nnRandSeed0 = 15347924067400988857
2020-08-18 05:20:48+0800: After dedups: nnModelFile0 = /Users/wangjinggang/gochess/katago/model.bin.gz useFP16 auto useNHWC auto
2020-08-18 05:20:50+0800: Found OpenCL Platform 0: Apple (Apple) (OpenCL 1.2 (May  3 2020 20:15:19))
2020-08-18 05:20:50+0800: Found 2 device(s) on platform 0 with type CPU or GPU or Accelerator
2020-08-18 05:20:50+0800: Found OpenCL Device 0: Intel(R) Core(TM) i7-5557U CPU @ 3.10GHz (Intel) (score 102)
2020-08-18 05:20:50+0800: Found OpenCL Device 1: Intel(R) Iris(TM) Graphics 6100 (Intel Inc.) (score 6000102)
2020-08-18 05:20:50+0800: Using OpenCL Device 1: Intel(R) Iris(TM) Graphics 6100 (Intel Inc.) OpenCL 1.2 
2020-08-18 05:20:50+0800: Loaded tuning parameters from: /Users/wangjinggang/.katago/opencltuning/tune6_gpuIntelRIrisTMGraphics6100_x19_y19_c256_mv8.txt
2020-08-18 05:20:54+0800: OpenCL backend: Model version 8
2020-08-18 05:20:54+0800: OpenCL backend: Model name: g170-b40c256x2-s1349368064-d524332537
2020-08-18 05:20:54+0800: Loaded neural net with nnXLen 19 nnYLen 19
2020-08-18 05:20:54+0800: Loaded model /Users/wangjinggang/gochess/katago/model.bin.gz
2020-08-18 05:20:54+0800: Model name: g170-b40c256x2-s1349368064-d524332537
2020-08-18 05:20:54+0800: GTP ready, beginning main protocol loop
2020-08-18 05:21:39+0800: All cleaned up, quitting
2020-08-18 05:21:44+0800: GTP Engine starting...
2020-08-18 05:21:44+0800: KataGo v1.3.3
2020-08-18 05:21:44+0800: Using 20 CPU thread(s) for search
2020-08-18 05:21:44+0800: nnRandSeed0 = 16161978274511704664
2020-08-18 05:21:44+0800: After dedups: nnModelFile0 = /Users/wangjinggang/gochess/katago/model.bin.gz useFP16 auto useNHWC auto
2020-08-18 05:21:46+0800: Found OpenCL Platform 0: Apple (Apple) (OpenCL 1.2 (May  3 2020 20:15:19))
2020-08-18 05:21:46+0800: Found 2 device(s) on platform 0 with type CPU or GPU or Accelerator
2020-08-18 05:21:46+0800: Found OpenCL Device 0: Intel(R) Core(TM) i7-5557U CPU @ 3.10GHz (Intel) (score 102)
2020-08-18 05:21:46+0800: Found OpenCL Device 1: Intel(R) Iris(TM) Graphics 6100 (Intel Inc.) (score 6000102)
2020-08-18 05:21:46+0800: Using OpenCL Device 1: Intel(R) Iris(TM) Graphics 6100 (Intel Inc.) OpenCL 1.2 
2020-08-18 05:21:46+0800: Loaded tuning parameters from: /Users/wangjinggang/.katago/opencltuning/tune6_gpuIntelRIrisTMGraphics6100_x19_y19_c256_mv8.txt
2020-08-18 05:21:49+0800: OpenCL backend: Model version 8
2020-08-18 05:21:49+0800: OpenCL backend: Model name: g170-b40c256x2-s1349368064-d524332537
2020-08-18 05:21:49+0800: Loaded neural net with nnXLen 19 nnYLen 19
2020-08-18 05:21:49+0800: Loaded model /Users/wangjinggang/gochess/katago/model.bin.gz
2020-08-18 05:21:49+0800: Model name: g170-b40c256x2-s1349368064-d524332537
2020-08-18 05:21:49+0800: GTP ready, beginning main protocol loop
2020-08-18 05:23:02+0800: All cleaned up, quitting
2020-08-18 05:25:04+0800: GTP Engine starting...
2020-08-18 05:25:04+0800: KataGo v1.3.3
2020-08-18 05:25:04+0800: Using 20 CPU thread(s) for search
2020-08-18 05:25:04+0800: nnRandSeed0 = 14756248901336932564
2020-08-18 05:25:04+0800: After dedups: nnModelFile0 = /Users/wangjinggang/gochess/katago/model.bin.gz useFP16 auto useNHWC auto
2020-08-18 05:25:06+0800: Found OpenCL Platform 0: Apple (Apple) (OpenCL 1.2 (May  3 2020 20:15:19))
2020-08-18 05:25:06+0800: Found 2 device(s) on platform 0 with type CPU or GPU or Accelerator
2020-08-18 05:25:06+0800: Found OpenCL Device 0: Intel(R) Core(TM) i7-5557U CPU @ 3.10GHz (Intel) (score 102)
2020-08-18 05:25:06+0800: Found OpenCL Device 1: Intel(R) Iris(TM) Graphics 6100 (Intel Inc.) (score 6000102)
2020-08-18 05:25:06+0800: Using OpenCL Device 1: Intel(R) Iris(TM) Graphics 6100 (Intel Inc.) OpenCL 1.2 
2020-08-18 05:25:06+0800: Loaded tuning parameters from: /Users/wangjinggang/.katago/opencltuning/tune6_gpuIntelRIrisTMGraphics6100_x19_y19_c256_mv8.txt
2020-08-18 05:25:09+0800: OpenCL backend: Model version 8
2020-08-18 05:25:09+0800: OpenCL backend: Model name: g170-b40c256x2-s1349368064-d524332537
2020-08-18 05:25:09+0800: Loaded neural net with nnXLen 19 nnYLen 19
2020-08-18 05:25:09+0800: Loaded model /Users/wangjinggang/gochess/katago/model.bin.gz
2020-08-18 05:25:09+0800: Model name: g170-b40c256x2-s1349368064-d524332537
2020-08-18 05:25:09+0800: GTP ready, beginning main protocol loop
2020-08-18 05:25:13+0800: Controller: katag-analzye B 50
2020-08-18 05:25:13+0800: ? unknown command
2020-08-18 05:25:33+0800: All cleaned up, quitting
2020-08-18 05:41:56+0800: GTP Engine starting...
2020-08-18 05:41:56+0800: KataGo v1.3.3
2020-08-18 05:41:56+0800: Using 20 CPU thread(s) for search
2020-08-18 05:41:56+0800: nnRandSeed0 = 16811749165701177178
2020-08-18 05:41:56+0800: After dedups: nnModelFile0 = /Users/wangjinggang/gochess/katago/model.bin.gz useFP16 auto useNHWC auto
2020-08-18 05:41:58+0800: Found OpenCL Platform 0: Apple (Apple) (OpenCL 1.2 (May  3 2020 20:15:19))
2020-08-18 05:41:58+0800: Found 2 device(s) on platform 0 with type CPU or GPU or Accelerator
2020-08-18 05:41:58+0800: Found OpenCL Device 0: Intel(R) Core(TM) i7-5557U CPU @ 3.10GHz (Intel) (score 102)
2020-08-18 05:41:58+0800: Found OpenCL Device 1: Intel(R) Iris(TM) Graphics 6100 (Intel Inc.) (score 6000102)
2020-08-18 05:41:58+0800: Using OpenCL Device 1: Intel(R) Iris(TM) Graphics 6100 (Intel Inc.) OpenCL 1.2 
2020-08-18 05:41:58+0800: Loaded tuning parameters from: /Users/wangjinggang/.katago/opencltuning/tune6_gpuIntelRIrisTMGraphics6100_x19_y19_c256_mv8.txt
2020-08-18 05:42:01+0800: OpenCL backend: Model version 8
2020-08-18 05:42:01+0800: OpenCL backend: Model name: g170-b40c256x2-s1349368064-d524332537
2020-08-18 05:42:01+0800: Loaded neural net with nnXLen 19 nnYLen 19
2020-08-18 05:42:01+0800: Loaded model /Users/wangjinggang/gochess/katago/model.bin.gz
2020-08-18 05:42:01+0800: Model name: g170-b40c256x2-s1349368064-d524332537
2020-08-18 05:42:01+0800: GTP ready, beginning main protocol loop
2020-08-18 05:42:10+0800: Controller: kata-analyze B 50
2020-08-18 05:42:10+0800: = 
2020-08-18 05:58:11+0800: GTP Engine starting...
2020-08-18 05:58:11+0800: KataGo v1.3.3
2020-08-18 05:58:11+0800: Using 20 CPU thread(s) for search
2020-08-18 05:58:11+0800: nnRandSeed0 = 12681437526131904003
2020-08-18 05:58:11+0800: After dedups: nnModelFile0 = /Users/wangjinggang/gochess/katago/model.bin.gz useFP16 auto useNHWC auto
2020-08-18 05:58:13+0800: Found OpenCL Platform 0: Apple (Apple) (OpenCL 1.2 (May  3 2020 20:15:19))
2020-08-18 05:58:13+0800: Found 2 device(s) on platform 0 with type CPU or GPU or Accelerator
2020-08-18 05:58:13+0800: Found OpenCL Device 0: Intel(R) Core(TM) i7-5557U CPU @ 3.10GHz (Intel) (score 102)
2020-08-18 05:58:13+0800: Found OpenCL Device 1: Intel(R) Iris(TM) Graphics 6100 (Intel Inc.) (score 6000102)
2020-08-18 05:58:13+0800: Using OpenCL Device 1: Intel(R) Iris(TM) Graphics 6100 (Intel Inc.) OpenCL 1.2 
2020-08-18 05:58:13+0800: Loaded tuning parameters from: /Users/wangjinggang/.katago/opencltuning/tune6_gpuIntelRIrisTMGraphics6100_x19_y19_c256_mv8.txt
2020-08-18 05:58:16+0800: OpenCL backend: Model version 8
2020-08-18 05:58:16+0800: OpenCL backend: Model name: g170-b40c256x2-s1349368064-d524332537
2020-08-18 05:58:16+0800: Loaded neural net with nnXLen 19 nnYLen 19
2020-08-18 05:58:16+0800: Loaded model /Users/wangjinggang/gochess/katago/model.bin.gz
2020-08-18 05:58:16+0800: Model name: g170-b40c256x2-s1349368064-d524332537
2020-08-18 05:58:16+0800: GTP ready, beginning main protocol loop
2020-08-18 05:58:24+0800: Controller: boardsize 19
2020-08-18 05:58:24+0800: = 
2020-08-18 05:58:30+0800: Controller: kata-analyze B 50
2020-08-18 05:58:30+0800: = 
2020-08-18 05:58:38+0800: All cleaned up, quitting
2020-08-21 18:54:58+0800: GTP Engine starting...
2020-08-21 18:54:58+0800: KataGo v1.3.3
2020-08-21 18:54:58+0800: Using 20 CPU thread(s) for search
2020-08-21 18:54:58+0800: nnRandSeed0 = 822185069461210009
2020-08-21 18:54:58+0800: After dedups: nnModelFile0 = /Users/wangjinggang/gochess/katago/model.bin.gz useFP16 auto useNHWC auto
2020-08-21 18:55:00+0800: Found OpenCL Platform 0: Apple (Apple) (OpenCL 1.2 (May  3 2020 20:15:19))
2020-08-21 18:55:00+0800: Found 2 device(s) on platform 0 with type CPU or GPU or Accelerator
2020-08-21 18:55:00+0800: Found OpenCL Device 0: Intel(R) Core(TM) i7-5557U CPU @ 3.10GHz (Intel) (score 102)
2020-08-21 18:55:00+0800: Found OpenCL Device 1: Intel(R) Iris(TM) Graphics 6100 (Intel Inc.) (score 6000102)
2020-08-21 18:55:00+0800: Using OpenCL Device 1: Intel(R) Iris(TM) Graphics 6100 (Intel Inc.) OpenCL 1.2 
2020-08-21 18:55:00+0800: Loaded tuning parameters from: /Users/wangjinggang/.katago/opencltuning/tune6_gpuIntelRIrisTMGraphics6100_x19_y19_c256_mv8.txt
2020-08-21 18:55:05+0800: OpenCL backend: Model version 8
2020-08-21 18:55:05+0800: OpenCL backend: Model name: g170-b40c256x2-s1349368064-d524332537
2020-08-21 18:55:05+0800: Loaded neural net with nnXLen 19 nnYLen 19
2020-08-21 18:55:05+0800: Loaded model /Users/wangjinggang/gochess/katago/model.bin.gz
2020-08-21 18:55:05+0800: Model name: g170-b40c256x2-s1349368064-d524332537
2020-08-21 18:55:05+0800: GTP ready, beginning main protocol loop
2020-08-21 18:55:11+0800: Controller: boardsize 19
2020-08-21 18:55:11+0800: = 
2020-08-21 18:56:10+0800: All cleaned up, quitting
2020-08-21 18:59:08+0800: GTP Engine starting...
2020-08-21 18:59:08+0800: KataGo v1.3.3
2020-08-21 18:59:08+0800: Using 20 CPU thread(s) for search
2020-08-21 18:59:08+0800: nnRandSeed0 = 10849949611029256918
2020-08-21 18:59:08+0800: After dedups: nnModelFile0 = /Users/wangjinggang/gochess/katago/model.bin.gz useFP16 auto useNHWC auto
2020-08-21 18:59:10+0800: Found OpenCL Platform 0: Apple (Apple) (OpenCL 1.2 (May  3 2020 20:15:19))
2020-08-21 18:59:10+0800: Found 2 device(s) on platform 0 with type CPU or GPU or Accelerator
2020-08-21 18:59:10+0800: Found OpenCL Device 0: Intel(R) Core(TM) i7-5557U CPU @ 3.10GHz (Intel) (score 102)
2020-08-21 18:59:10+0800: Found OpenCL Device 1: Intel(R) Iris(TM) Graphics 6100 (Intel Inc.) (score 6000102)
2020-08-21 18:59:10+0800: Using OpenCL Device 1: Intel(R) Iris(TM) Graphics 6100 (Intel Inc.) OpenCL 1.2 
2020-08-21 18:59:10+0800: Loaded tuning parameters from: /Users/wangjinggang/.katago/opencltuning/tune6_gpuIntelRIrisTMGraphics6100_x19_y19_c256_mv8.txt
2020-08-21 18:59:13+0800: OpenCL backend: Model version 8
2020-08-21 18:59:13+0800: OpenCL backend: Model name: g170-b40c256x2-s1349368064-d524332537
2020-08-21 18:59:13+0800: Loaded neural net with nnXLen 19 nnYLen 19
2020-08-21 18:59:13+0800: Loaded model /Users/wangjinggang/gochess/katago/model.bin.gz
2020-08-21 18:59:13+0800: Model name: g170-b40c256x2-s1349368064-d524332537
2020-08-21 18:59:13+0800: GTP ready, beginning main protocol loop
2020-08-21 18:59:17+0800: Controller: boardsize 19
2020-08-21 18:59:17+0800: = 
2020-08-21 19:00:36+0800: Controller: kata-analyze B 50
2020-08-21 19:00:36+0800: = 
